<?xml version="1.0" encoding="UTF-8"?>
<!-- Generated by org.testng.reporters.JUnitXMLReporter -->
<testsuite ignored="0" hostname="ATMECSINLT-1198" failures="0" tests="4" name="Default test" time="7.368" errors="0" timestamp="2022-06-16T19:53:03 IST">
  <testcase classname="SampleTest.LoginTest" name="getpropertyfile" time="0.012"/>
  <testcase classname="SampleTest.LoginTest" name="getWebsite" time="6.448"/>
  <testcase classname="SampleTest.LoginTest" name="getUserDetails" time="0.405"/>
  <testcase classname="SampleTest.LoginTest" name="invalidUserName" time="0.448"/>
</testsuite> <!-- Default test -->
