<?xml version="1.0" encoding="UTF-8"?>
<testng-results ignored="0" total="4" passed="4" failed="0" skipped="0">
  <reporter-output>
  </reporter-output>
  <suite started-at="2022-06-16T19:52:55 IST" name="Default suite" finished-at="2022-06-16T19:53:03 IST" duration-ms="7368">
    <groups>
    </groups>
    <test started-at="2022-06-16T19:52:55 IST" name="Default test" finished-at="2022-06-16T19:53:03 IST" duration-ms="7368">
      <class name="SampleTest.LoginTest">
        <test-method signature="getpropertyfile()[pri:0, instance:SampleTest.LoginTest@52af26ee]" started-at="2022-06-16T19:52:55 IST" name="getpropertyfile" finished-at="2022-06-16T19:52:55 IST" duration-ms="12" status="PASS">
          <reporter-output>
          </reporter-output>
        </test-method> <!-- getpropertyfile -->
        <test-method signature="getWebsite()[pri:1, instance:SampleTest.LoginTest@52af26ee]" started-at="2022-06-16T19:52:55 IST" name="getWebsite" finished-at="2022-06-16T19:53:02 IST" duration-ms="6448" status="PASS">
          <reporter-output>
          </reporter-output>
        </test-method> <!-- getWebsite -->
        <test-method signature="getUserDetails()[pri:2, instance:SampleTest.LoginTest@52af26ee]" started-at="2022-06-16T19:53:02 IST" name="getUserDetails" finished-at="2022-06-16T19:53:02 IST" duration-ms="405" status="PASS">
          <reporter-output>
          </reporter-output>
        </test-method> <!-- getUserDetails -->
        <test-method signature="invalidUserName()[pri:3, instance:SampleTest.LoginTest@52af26ee]" started-at="2022-06-16T19:53:02 IST" name="invalidUserName" finished-at="2022-06-16T19:53:02 IST" duration-ms="448" status="PASS">
          <reporter-output>
          </reporter-output>
        </test-method> <!-- invalidUserName -->
      </class> <!-- SampleTest.LoginTest -->
    </test> <!-- Default test -->
  </suite> <!-- Default suite -->
</testng-results>
